<?xml version="1.0" encoding="UTF-8"?>
<testng-results ignored="0" total="1" passed="0" failed="1" skipped="0">
  <reporter-output>
  </reporter-output>
  <suite started-at="2025-05-14T10:48:55 IST" name="Default suite" finished-at="2025-05-14T10:52:18 IST" duration-ms="202842">
    <groups>
    </groups>
    <test started-at="2025-05-14T10:48:55 IST" name="Default test" finished-at="2025-05-14T10:52:18 IST" duration-ms="202842">
      <class name="inventoryModule.AddProducts_Test">
        <test-method is-config="true" signature="configBS()[pri:0, instance:inventoryModule.AddProducts_Test@7526515b]" started-at="2025-05-14T10:48:55 IST" name="configBS" finished-at="2025-05-14T10:48:55 IST" duration-ms="20" status="PASS">
          <reporter-output>
          </reporter-output>
        </test-method> <!-- configBS -->
        <test-method is-config="true" signature="configBC()[pri:0, instance:inventoryModule.AddProducts_Test@7526515b]" started-at="2025-05-14T10:48:55 IST" name="configBC" finished-at="2025-05-14T10:48:57 IST" duration-ms="2254" status="PASS">
          <reporter-output>
          </reporter-output>
        </test-method> <!-- configBC -->
        <test-method is-config="true" signature="configBM()[pri:0, instance:inventoryModule.AddProducts_Test@7526515b]" started-at="2025-05-14T10:48:57 IST" name="configBM" finished-at="2025-05-14T10:49:06 IST" duration-ms="8971" status="PASS">
          <reporter-output>
          </reporter-output>
        </test-method> <!-- configBM -->
        <test-method signature="addproducts()[pri:0, instance:inventoryModule.AddProducts_Test@7526515b]" started-at="2025-05-14T10:49:06 IST" name="addproducts" finished-at="2025-05-14T10:52:18 IST" duration-ms="191536" status="FAIL">
          <exception class="java.lang.IllegalStateException">
            <message>
              <![CDATA[Cannot get a STRING value from a NUMERIC cell]]>
            </message>
            <full-stacktrace>
              <![CDATA[java.lang.IllegalStateException: Cannot get a STRING value from a NUMERIC cell
at org.apache.poi.xssf.usermodel.XSSFCell.typeMismatch(XSSFCell.java:984)
at org.apache.poi.xssf.usermodel.XSSFCell.getRichStringCellValue(XSSFCell.java:311)
at org.apache.poi.xssf.usermodel.XSSFCell.getStringCellValue(XSSFCell.java:280)
at FileUtility.ExcelUtility.getDataFromExcel(ExcelUtility.java:18)
at inventoryModule.AddProducts_Test.addproducts(AddProducts_Test.java:49)
at java.base/jdk.internal.reflect.NativeMethodAccessorImpl.invoke0(Native Method)
at java.base/jdk.internal.reflect.NativeMethodAccessorImpl.invoke(NativeMethodAccessorImpl.java:77)
at java.base/jdk.internal.reflect.DelegatingMethodAccessorImpl.invoke(DelegatingMethodAccessorImpl.java:43)
at java.base/java.lang.reflect.Method.invoke(Method.java:568)
at org.testng.internal.invokers.MethodInvocationHelper.invokeMethod(MethodInvocationHelper.java:139)
at org.testng.internal.invokers.TestInvoker.invokeMethod(TestInvoker.java:664)
at org.testng.internal.invokers.TestInvoker.invokeTestMethod(TestInvoker.java:227)
at org.testng.internal.invokers.MethodRunner.runInSequence(MethodRunner.java:50)
at org.testng.internal.invokers.TestInvoker$MethodInvocationAgent.invoke(TestInvoker.java:957)
at org.testng.internal.invokers.TestInvoker.invokeTestMethods(TestInvoker.java:200)
at org.testng.internal.invokers.TestMethodWorker.invokeTestMethods(TestMethodWorker.java:148)
at org.testng.internal.invokers.TestMethodWorker.run(TestMethodWorker.java:128)
at java.base/java.util.ArrayList.forEach(ArrayList.java:1511)
at org.testng.TestRunner.privateRun(TestRunner.java:848)
at org.testng.TestRunner.run(TestRunner.java:621)
at org.testng.SuiteRunner.runTest(SuiteRunner.java:443)
at org.testng.SuiteRunner.runSequentially(SuiteRunner.java:437)
at org.testng.SuiteRunner.privateRun(SuiteRunner.java:397)
at org.testng.SuiteRunner.run(SuiteRunner.java:336)
at org.testng.SuiteRunnerWorker.runSuite(SuiteRunnerWorker.java:52)
at org.testng.SuiteRunnerWorker.run(SuiteRunnerWorker.java:95)
at org.testng.TestNG.runSuitesSequentially(TestNG.java:1280)
at org.testng.TestNG.runSuitesLocally(TestNG.java:1200)
at org.testng.TestNG.runSuites(TestNG.java:1114)
at org.testng.TestNG.run(TestNG.java:1082)
at org.testng.remote.AbstractRemoteTestNG.run(AbstractRemoteTestNG.java:115)
at org.testng.remote.RemoteTestNG.initAndRun(RemoteTestNG.java:251)
at org.testng.remote.RemoteTestNG.main(RemoteTestNG.java:77)
]]>
            </full-stacktrace>
          </exception> <!-- java.lang.IllegalStateException -->
          <reporter-output>
          </reporter-output>
        </test-method> <!-- addproducts -->
        <test-method is-config="true" signature="configAS()[pri:0, instance:inventoryModule.AddProducts_Test@7526515b]" started-at="2025-05-14T10:52:18 IST" name="configAS" finished-at="2025-05-14T10:52:18 IST" duration-ms="0" status="PASS">
          <reporter-output>
          </reporter-output>
        </test-method> <!-- configAS -->
      </class> <!-- inventoryModule.AddProducts_Test -->
    </test> <!-- Default test -->
  </suite> <!-- Default suite -->
</testng-results>
